[ERROR] 2025-11-30 17:52:17 basehttp You're accessing the development server over HTTPS, but it only supports HTTP.
[ERROR] 2025-11-30 17:52:17 basehttp You're accessing the development server over HTTPS, but it only supports HTTP.
[ERROR] 2025-11-30 17:52:26 basehttp You're accessing the development server over HTTPS, but it only supports HTTP.
[ERROR] 2025-11-30 17:52:26 basehttp You're accessing the development server over HTTPS, but it only supports HTTP.
[ERROR] 2025-11-30 17:52:26 basehttp You're accessing the development server over HTTPS, but it only supports HTTP.
[ERROR] 2025-11-30 17:52:26 basehttp You're accessing the development server over HTTPS, but it only supports HTTP.
[ERROR] 2025-11-30 17:53:01 basehttp You're accessing the development server over HTTPS, but it only supports HTTP.
[ERROR] 2025-11-30 17:53:01 basehttp You're accessing the development server over HTTPS, but it only supports HTTP.
[ERROR] 2025-11-30 17:54:51 basehttp You're accessing the development server over HTTPS, but it only supports HTTP.
[ERROR] 2025-11-30 17:54:51 basehttp You're accessing the development server over HTTPS, but it only supports HTTP.
[ERROR] 2025-11-30 17:54:51 basehttp You're accessing the development server over HTTPS, but it only supports HTTP.
[ERROR] 2025-11-30 17:54:51 basehttp You're accessing the development server over HTTPS, but it only supports HTTP.
[ERROR] 2025-11-30 17:54:54 basehttp You're accessing the development server over HTTPS, but it only supports HTTP.
[ERROR] 2025-11-30 17:54:54 basehttp You're accessing the development server over HTTPS, but it only supports HTTP.
[ERROR] 2025-11-30 17:54:54 basehttp You're accessing the development server over HTTPS, but it only supports HTTP.
[ERROR] 2025-11-30 17:54:54 basehttp You're accessing the development server over HTTPS, but it only supports HTTP.
[ERROR] 2025-11-30 17:54:54 basehttp You're accessing the development server over HTTPS, but it only supports HTTP.
[ERROR] 2025-11-30 17:54:54 basehttp You're accessing the development server over HTTPS, but it only supports HTTP.
[ERROR] 2025-11-30 17:54:59 basehttp You're accessing the development server over HTTPS, but it only supports HTTP.
[ERROR] 2025-11-30 17:54:59 basehttp You're accessing the development server over HTTPS, but it only supports HTTP.
[ERROR] 2025-11-30 17:57:21 basehttp You're accessing the development server over HTTPS, but it only supports HTTP.
[ERROR] 2025-11-30 17:57:21 basehttp You're accessing the development server over HTTPS, but it only supports HTTP.
[ERROR] 2025-11-30 17:59:34 log Internal Server Error: /api/swagger/
Traceback (most recent call last):
  File "/Users/mac/Documents/kinderGarten-BE/venv/lib/python3.13/site-packages/redis/connection.py", line 2594, in get_connection
    connection = self._available_connections.pop()
IndexError: pop from empty list

During handling of the above exception, another exception occurred:

Traceback (most recent call last):
  File "/Users/mac/Documents/kinderGarten-BE/venv/lib/python3.13/site-packages/django/core/handlers/exception.py", line 55, in inner
    response = get_response(request)
  File "/Users/mac/Documents/kinderGarten-BE/venv/lib/python3.13/site-packages/django/core/handlers/base.py", line 197, in _get_response
    response = wrapped_callback(request, *callback_args, **callback_kwargs)
  File "/Users/mac/Documents/kinderGarten-BE/venv/lib/python3.13/site-packages/django/views/decorators/csrf.py", line 65, in _view_wrapper
    return view_func(request, *args, **kwargs)
  File "/Users/mac/Documents/kinderGarten-BE/venv/lib/python3.13/site-packages/django/views/generic/base.py", line 105, in view
    return self.dispatch(request, *args, **kwargs)
           ~~~~~~~~~~~~~^^^^^^^^^^^^^^^^^^^^^^^^^^
  File "/Users/mac/Documents/kinderGarten-BE/venv/lib/python3.13/site-packages/rest_framework/views.py", line 515, in dispatch
    response = self.handle_exception(exc)
  File "/Users/mac/Documents/kinderGarten-BE/venv/lib/python3.13/site-packages/rest_framework/views.py", line 475, in handle_exception
    self.raise_uncaught_exception(exc)
    ~~~~~~~~~~~~~~~~~~~~~~~~~~~~~^^^^^
  File "/Users/mac/Documents/kinderGarten-BE/venv/lib/python3.13/site-packages/rest_framework/views.py", line 486, in raise_uncaught_exception
    raise exc
  File "/Users/mac/Documents/kinderGarten-BE/venv/lib/python3.13/site-packages/rest_framework/views.py", line 503, in dispatch
    self.initial(request, *args, **kwargs)
    ~~~~~~~~~~~~^^^^^^^^^^^^^^^^^^^^^^^^^^
  File "/Users/mac/Documents/kinderGarten-BE/venv/lib/python3.13/site-packages/rest_framework/views.py", line 422, in initial
    self.check_throttles(request)
    ~~~~~~~~~~~~~~~~~~~~^^^^^^^^^
  File "/Users/mac/Documents/kinderGarten-BE/venv/lib/python3.13/site-packages/rest_framework/views.py", line 365, in check_throttles
    if not throttle.allow_request(request, self):
           ~~~~~~~~~~~~~~~~~~~~~~^^^^^^^^^^^^^^^
  File "/Users/mac/Documents/kinderGarten-BE/venv/lib/python3.13/site-packages/rest_framework/throttling.py", line 123, in allow_request
    self.history = self.cache.get(self.key, [])
                   ~~~~~~~~~~~~~~^^^^^^^^^^^^^^
  File "/Users/mac/Documents/kinderGarten-BE/venv/lib/python3.13/site-packages/django/core/cache/backends/redis.py", line 188, in get
    return self._cache.get(key, default)
           ~~~~~~~~~~~~~~~^^^^^^^^^^^^^^
  File "/Users/mac/Documents/kinderGarten-BE/venv/lib/python3.13/site-packages/django/core/cache/backends/redis.py", line 100, in get
    value = client.get(key)
  File "/Users/mac/Documents/kinderGarten-BE/venv/lib/python3.13/site-packages/redis/commands/core.py", line 1834, in get
    return self.execute_command("GET", name, keys=[name])
           ~~~~~~~~~~~~~~~~~~~~^^^^^^^^^^^^^^^^^^^^^^^^^^
  File "/Users/mac/Documents/kinderGarten-BE/venv/lib/python3.13/site-packages/redis/client.py", line 657, in execute_command
    return self._execute_command(*args, **options)
           ~~~~~~~~~~~~~~~~~~~~~^^^^^^^^^^^^^^^^^^
  File "/Users/mac/Documents/kinderGarten-BE/venv/lib/python3.13/site-packages/redis/client.py", line 663, in _execute_command
    conn = self.connection or pool.get_connection()
                              ~~~~~~~~~~~~~~~~~~~^^
  File "/Users/mac/Documents/kinderGarten-BE/venv/lib/python3.13/site-packages/redis/utils.py", line 196, in wrapper
    return func(*args, **kwargs)
  File "/Users/mac/Documents/kinderGarten-BE/venv/lib/python3.13/site-packages/redis/connection.py", line 2596, in get_connection
    connection = self.make_connection()
  File "/Users/mac/Documents/kinderGarten-BE/venv/lib/python3.13/site-packages/redis/connection.py", line 2646, in make_connection
    return self.connection_class(**kwargs)
           ~~~~~~~~~~~~~~~~~~~~~^^^^^^^^^^
  File "/Users/mac/Documents/kinderGarten-BE/venv/lib/python3.13/site-packages/redis/connection.py", line 1255, in __init__
    super().__init__(**kwargs)
    ~~~~~~~~~~~~~~~~^^^^^^^^^^
TypeError: AbstractConnection.__init__() got an unexpected keyword argument 'CLIENT_CLASS'
[ERROR] 2025-11-30 17:59:34 basehttp "GET /api/swagger/ HTTP/1.1" 500 154485
[ERROR] 2025-11-30 18:24:51 log Internal Server Error: /admin/core/tenant/2/change/
Traceback (most recent call last):
  File "/Users/mac/Documents/kinderGarten-BE/venv/lib/python3.13/site-packages/django/db/backends/utils.py", line 105, in _execute
    return self.cursor.execute(sql, params)
           ~~~~~~~~~~~~~~~~~~~^^^^^^^^^^^^^
  File "/Users/mac/Documents/kinderGarten-BE/venv/lib/python3.13/site-packages/django/db/backends/sqlite3/base.py", line 360, in execute
    return super().execute(query, params)
           ~~~~~~~~~~~~~~~^^^^^^^^^^^^^^^
sqlite3.OperationalError: no such column: core_tenant.is_active

The above exception was the direct cause of the following exception:

Traceback (most recent call last):
  File "/Users/mac/Documents/kinderGarten-BE/venv/lib/python3.13/site-packages/django/core/handlers/exception.py", line 55, in inner
    response = get_response(request)
  File "/Users/mac/Documents/kinderGarten-BE/venv/lib/python3.13/site-packages/django/core/handlers/base.py", line 197, in _get_response
    response = wrapped_callback(request, *callback_args, **callback_kwargs)
  File "/Users/mac/Documents/kinderGarten-BE/venv/lib/python3.13/site-packages/django/contrib/admin/options.py", line 719, in wrapper
    return self.admin_site.admin_view(view)(*args, **kwargs)
           ~~~~~~~~~~~~~~~~~~~~~~~~~~~~~~~~^^^^^^^^^^^^^^^^^
  File "/Users/mac/Documents/kinderGarten-BE/venv/lib/python3.13/site-packages/django/utils/decorators.py", line 192, in _view_wrapper
    result = _process_exception(request, e)
  File "/Users/mac/Documents/kinderGarten-BE/venv/lib/python3.13/site-packages/django/utils/decorators.py", line 190, in _view_wrapper
    response = view_func(request, *args, **kwargs)
  File "/Users/mac/Documents/kinderGarten-BE/venv/lib/python3.13/site-packages/django/views/decorators/cache.py", line 80, in _view_wrapper
    response = view_func(request, *args, **kwargs)
  File "/Users/mac/Documents/kinderGarten-BE/venv/lib/python3.13/site-packages/django/contrib/admin/sites.py", line 246, in inner
    return view(request, *args, **kwargs)
  File "/Users/mac/Documents/kinderGarten-BE/venv/lib/python3.13/site-packages/django/contrib/admin/options.py", line 1987, in change_view
    return self.changeform_view(request, object_id, form_url, extra_context)
           ~~~~~~~~~~~~~~~~~~~~^^^^^^^^^^^^^^^^^^^^^^^^^^^^^^^^^^^^^^^^^^^^^
  File "/Users/mac/Documents/kinderGarten-BE/venv/lib/python3.13/site-packages/django/utils/decorators.py", line 48, in _wrapper
    return bound_method(*args, **kwargs)
  File "/Users/mac/Documents/kinderGarten-BE/venv/lib/python3.13/site-packages/django/utils/decorators.py", line 192, in _view_wrapper
    result = _process_exception(request, e)
  File "/Users/mac/Documents/kinderGarten-BE/venv/lib/python3.13/site-packages/django/utils/decorators.py", line 190, in _view_wrapper
    response = view_func(request, *args, **kwargs)
  File "/Users/mac/Documents/kinderGarten-BE/venv/lib/python3.13/site-packages/django/contrib/admin/options.py", line 1840, in changeform_view
    return self._changeform_view(request, object_id, form_url, extra_context)
           ~~~~~~~~~~~~~~~~~~~~~^^^^^^^^^^^^^^^^^^^^^^^^^^^^^^^^^^^^^^^^^^^^^
  File "/Users/mac/Documents/kinderGarten-BE/venv/lib/python3.13/site-packages/django/contrib/admin/options.py", line 1863, in _changeform_view
    obj = self.get_object(request, unquote(object_id), to_field)
  File "/Users/mac/Documents/kinderGarten-BE/venv/lib/python3.13/site-packages/django/contrib/admin/options.py", line 897, in get_object
    return queryset.get(**{field.name: object_id})
           ~~~~~~~~~~~~^^^^^^^^^^^^^^^^^^^^^^^^^^^
  File "/Users/mac/Documents/kinderGarten-BE/venv/lib/python3.13/site-packages/django/db/models/query.py", line 629, in get
    num = len(clone)
  File "/Users/mac/Documents/kinderGarten-BE/venv/lib/python3.13/site-packages/django/db/models/query.py", line 366, in __len__
    self._fetch_all()
    ~~~~~~~~~~~~~~~^^
  File "/Users/mac/Documents/kinderGarten-BE/venv/lib/python3.13/site-packages/django/db/models/query.py", line 1949, in _fetch_all
    self._result_cache = list(self._iterable_class(self))
                         ~~~~^^^^^^^^^^^^^^^^^^^^^^^^^^^^
  File "/Users/mac/Documents/kinderGarten-BE/venv/lib/python3.13/site-packages/django/db/models/query.py", line 91, in __iter__
    results = compiler.execute_sql(
        chunked_fetch=self.chunked_fetch, chunk_size=self.chunk_size
    )
  File "/Users/mac/Documents/kinderGarten-BE/venv/lib/python3.13/site-packages/django/db/models/sql/compiler.py", line 1623, in execute_sql
    cursor.execute(sql, params)
    ~~~~~~~~~~~~~~^^^^^^^^^^^^^
  File "/Users/mac/Documents/kinderGarten-BE/venv/lib/python3.13/site-packages/django/db/backends/utils.py", line 122, in execute
    return super().execute(sql, params)
           ~~~~~~~~~~~~~~~^^^^^^^^^^^^^
  File "/Users/mac/Documents/kinderGarten-BE/venv/lib/python3.13/site-packages/django/db/backends/utils.py", line 79, in execute
    return self._execute_with_wrappers(
           ~~~~~~~~~~~~~~~~~~~~~~~~~~~^
        sql, params, many=False, executor=self._execute
        ^^^^^^^^^^^^^^^^^^^^^^^^^^^^^^^^^^^^^^^^^^^^^^^
    )
    ^
  File "/Users/mac/Documents/kinderGarten-BE/venv/lib/python3.13/site-packages/django/db/backends/utils.py", line 92, in _execute_with_wrappers
    return executor(sql, params, many, context)
  File "/Users/mac/Documents/kinderGarten-BE/venv/lib/python3.13/site-packages/django/db/backends/utils.py", line 100, in _execute
    with self.db.wrap_database_errors:
         ^^^^^^^^^^^^^^^^^^^^^^^^^^^^
  File "/Users/mac/Documents/kinderGarten-BE/venv/lib/python3.13/site-packages/django/db/utils.py", line 91, in __exit__
    raise dj_exc_value.with_traceback(traceback) from exc_value
  File "/Users/mac/Documents/kinderGarten-BE/venv/lib/python3.13/site-packages/django/db/backends/utils.py", line 105, in _execute
    return self.cursor.execute(sql, params)
           ~~~~~~~~~~~~~~~~~~~^^^^^^^^^^^^^
  File "/Users/mac/Documents/kinderGarten-BE/venv/lib/python3.13/site-packages/django/db/backends/sqlite3/base.py", line 360, in execute
    return super().execute(query, params)
           ~~~~~~~~~~~~~~~^^^^^^^^^^^^^^^
django.db.utils.OperationalError: no such column: core_tenant.is_active
[ERROR] 2025-11-30 18:24:51 basehttp "GET /admin/core/tenant/2/change/ HTTP/1.1" 500 195042
[ERROR] 2025-11-30 18:25:44 log Internal Server Error: /admin/accounts/user/
Traceback (most recent call last):
  File "/Users/mac/Documents/kinderGarten-BE/venv/lib/python3.13/site-packages/django/db/backends/utils.py", line 105, in _execute
    return self.cursor.execute(sql, params)
           ~~~~~~~~~~~~~~~~~~~^^^^^^^^^^^^^
  File "/Users/mac/Documents/kinderGarten-BE/venv/lib/python3.13/site-packages/django/db/backends/sqlite3/base.py", line 360, in execute
    return super().execute(query, params)
           ~~~~~~~~~~~~~~~^^^^^^^^^^^^^^^
sqlite3.OperationalError: no such column: core_tenant.is_active

The above exception was the direct cause of the following exception:

Traceback (most recent call last):
  File "/Users/mac/Documents/kinderGarten-BE/venv/lib/python3.13/site-packages/django/core/handlers/exception.py", line 55, in inner
    response = get_response(request)
  File "/Users/mac/Documents/kinderGarten-BE/venv/lib/python3.13/site-packages/django/core/handlers/base.py", line 197, in _get_response
    response = wrapped_callback(request, *callback_args, **callback_kwargs)
  File "/Users/mac/Documents/kinderGarten-BE/venv/lib/python3.13/site-packages/django/contrib/admin/options.py", line 719, in wrapper
    return self.admin_site.admin_view(view)(*args, **kwargs)
           ~~~~~~~~~~~~~~~~~~~~~~~~~~~~~~~~^^^^^^^^^^^^^^^^^
  File "/Users/mac/Documents/kinderGarten-BE/venv/lib/python3.13/site-packages/django/utils/decorators.py", line 192, in _view_wrapper
    result = _process_exception(request, e)
  File "/Users/mac/Documents/kinderGarten-BE/venv/lib/python3.13/site-packages/django/utils/decorators.py", line 190, in _view_wrapper
    response = view_func(request, *args, **kwargs)
  File "/Users/mac/Documents/kinderGarten-BE/venv/lib/python3.13/site-packages/django/views/decorators/cache.py", line 80, in _view_wrapper
    response = view_func(request, *args, **kwargs)
  File "/Users/mac/Documents/kinderGarten-BE/venv/lib/python3.13/site-packages/django/contrib/admin/sites.py", line 246, in inner
    return view(request, *args, **kwargs)
  File "/Users/mac/Documents/kinderGarten-BE/venv/lib/python3.13/site-packages/django/utils/decorators.py", line 48, in _wrapper
    return bound_method(*args, **kwargs)
  File "/Users/mac/Documents/kinderGarten-BE/venv/lib/python3.13/site-packages/django/utils/decorators.py", line 192, in _view_wrapper
    result = _process_exception(request, e)
  File "/Users/mac/Documents/kinderGarten-BE/venv/lib/python3.13/site-packages/django/utils/decorators.py", line 190, in _view_wrapper
    response = view_func(request, *args, **kwargs)
  File "/Users/mac/Documents/kinderGarten-BE/venv/lib/python3.13/site-packages/django/contrib/admin/options.py", line 2024, in changelist_view
    cl = self.get_changelist_instance(request)
  File "/Users/mac/Documents/kinderGarten-BE/venv/lib/python3.13/site-packages/django/contrib/admin/options.py", line 867, in get_changelist_instance
    return ChangeList(
        request,
    ...<12 lines>...
        self.search_help_text,
    )
  File "/Users/mac/Documents/kinderGarten-BE/venv/lib/python3.13/site-packages/django/contrib/admin/views/main.py", line 145, in __init__
    self.queryset = self.get_queryset(request)
                    ~~~~~~~~~~~~~~~~~^^^^^^^^^
  File "/Users/mac/Documents/kinderGarten-BE/venv/lib/python3.13/site-packages/django/contrib/admin/views/main.py", line 545, in get_queryset
    ) = self.get_filters(request)
        ~~~~~~~~~~~~~~~~^^^^^^^^^
  File "/Users/mac/Documents/kinderGarten-BE/venv/lib/python3.13/site-packages/django/contrib/admin/views/main.py", line 216, in get_filters
    spec = field_list_filter_class(
        field,
    ...<4 lines>...
        field_path=field_path,
    )
  File "/Users/mac/Documents/kinderGarten-BE/venv/lib/python3.13/site-packages/django/contrib/admin/filters.py", line 217, in create
    return list_filter_class(
        field, request, params, model, model_admin, field_path=field_path
    )
  File "/Users/mac/Documents/kinderGarten-BE/venv/lib/python3.13/site-packages/django/contrib/admin/filters.py", line 232, in __init__
    self.lookup_choices = self.field_choices(field, request, model_admin)
                          ~~~~~~~~~~~~~~~~~~^^^^^^^^^^^^^^^^^^^^^^^^^^^^^
  File "/Users/mac/Documents/kinderGarten-BE/venv/lib/python3.13/site-packages/django/contrib/admin/filters.py", line 273, in field_choices
    return field.get_choices(include_blank=False, ordering=ordering)
           ~~~~~~~~~~~~~~~~~^^^^^^^^^^^^^^^^^^^^^^^^^^^^^^^^^^^^^^^^
  File "/Users/mac/Documents/kinderGarten-BE/venv/lib/python3.13/site-packages/django/db/models/fields/__init__.py", line 1083, in get_choices
    (choice_func(x), str(x)) for x in qs
                                      ^^
  File "/Users/mac/Documents/kinderGarten-BE/venv/lib/python3.13/site-packages/django/db/models/query.py", line 384, in __iter__
    self._fetch_all()
    ~~~~~~~~~~~~~~~^^
  File "/Users/mac/Documents/kinderGarten-BE/venv/lib/python3.13/site-packages/django/db/models/query.py", line 1949, in _fetch_all
    self._result_cache = list(self._iterable_class(self))
                         ~~~~^^^^^^^^^^^^^^^^^^^^^^^^^^^^
  File "/Users/mac/Documents/kinderGarten-BE/venv/lib/python3.13/site-packages/django/db/models/query.py", line 91, in __iter__
    results = compiler.execute_sql(
        chunked_fetch=self.chunked_fetch, chunk_size=self.chunk_size
    )
  File "/Users/mac/Documents/kinderGarten-BE/venv/lib/python3.13/site-packages/django/db/models/sql/compiler.py", line 1623, in execute_sql
    cursor.execute(sql, params)
    ~~~~~~~~~~~~~~^^^^^^^^^^^^^
  File "/Users/mac/Documents/kinderGarten-BE/venv/lib/python3.13/site-packages/django/db/backends/utils.py", line 122, in execute
    return super().execute(sql, params)
           ~~~~~~~~~~~~~~~^^^^^^^^^^^^^
  File "/Users/mac/Documents/kinderGarten-BE/venv/lib/python3.13/site-packages/django/db/backends/utils.py", line 79, in execute
    return self._execute_with_wrappers(
           ~~~~~~~~~~~~~~~~~~~~~~~~~~~^
        sql, params, many=False, executor=self._execute
        ^^^^^^^^^^^^^^^^^^^^^^^^^^^^^^^^^^^^^^^^^^^^^^^
    )
    ^
  File "/Users/mac/Documents/kinderGarten-BE/venv/lib/python3.13/site-packages/django/db/backends/utils.py", line 92, in _execute_with_wrappers
    return executor(sql, params, many, context)
  File "/Users/mac/Documents/kinderGarten-BE/venv/lib/python3.13/site-packages/django/db/backends/utils.py", line 100, in _execute
    with self.db.wrap_database_errors:
         ^^^^^^^^^^^^^^^^^^^^^^^^^^^^
  File "/Users/mac/Documents/kinderGarten-BE/venv/lib/python3.13/site-packages/django/db/utils.py", line 91, in __exit__
    raise dj_exc_value.with_traceback(traceback) from exc_value
  File "/Users/mac/Documents/kinderGarten-BE/venv/lib/python3.13/site-packages/django/db/backends/utils.py", line 105, in _execute
    return self.cursor.execute(sql, params)
           ~~~~~~~~~~~~~~~~~~~^^^^^^^^^^^^^
  File "/Users/mac/Documents/kinderGarten-BE/venv/lib/python3.13/site-packages/django/db/backends/sqlite3/base.py", line 360, in execute
    return super().execute(query, params)
           ~~~~~~~~~~~~~~~^^^^^^^^^^^^^^^
django.db.utils.OperationalError: no such column: core_tenant.is_active
[ERROR] 2025-11-30 18:25:44 basehttp "GET /admin/accounts/user/ HTTP/1.1" 500 218410
[ERROR] 2025-12-01 11:36:02 log Internal Server Error: /api/children/classes/
Traceback (most recent call last):
  File "/Users/mac/Documents/kinderGarten-BE/venv/lib/python3.13/site-packages/django/db/backends/utils.py", line 105, in _execute
    return self.cursor.execute(sql, params)
           ~~~~~~~~~~~~~~~~~~~^^^^^^^^^^^^^
psycopg2.errors.UndefinedColumn: column "created_at" of relation "children_classroom" does not exist
LINE 1: INSERT INTO "children_classroom" ("tenant_id", "created_at",...
                                                       ^


The above exception was the direct cause of the following exception:

Traceback (most recent call last):
  File "/Users/mac/Documents/kinderGarten-BE/venv/lib/python3.13/site-packages/django/core/handlers/exception.py", line 55, in inner
    response = get_response(request)
  File "/Users/mac/Documents/kinderGarten-BE/venv/lib/python3.13/site-packages/django/core/handlers/base.py", line 197, in _get_response
    response = wrapped_callback(request, *callback_args, **callback_kwargs)
  File "/usr/local/Cellar/python@3.13/3.13.1/Frameworks/Python.framework/Versions/3.13/lib/python3.13/contextlib.py", line 85, in inner
    return func(*args, **kwds)
  File "/Users/mac/Documents/kinderGarten-BE/venv/lib/python3.13/site-packages/django/views/decorators/csrf.py", line 65, in _view_wrapper
    return view_func(request, *args, **kwargs)
  File "/Users/mac/Documents/kinderGarten-BE/venv/lib/python3.13/site-packages/django/views/generic/base.py", line 105, in view
    return self.dispatch(request, *args, **kwargs)
           ~~~~~~~~~~~~~^^^^^^^^^^^^^^^^^^^^^^^^^^
  File "/Users/mac/Documents/kinderGarten-BE/venv/lib/python3.13/site-packages/rest_framework/views.py", line 515, in dispatch
    response = self.handle_exception(exc)
  File "/Users/mac/Documents/kinderGarten-BE/venv/lib/python3.13/site-packages/rest_framework/views.py", line 475, in handle_exception
    self.raise_uncaught_exception(exc)
    ~~~~~~~~~~~~~~~~~~~~~~~~~~~~~^^^^^
  File "/Users/mac/Documents/kinderGarten-BE/venv/lib/python3.13/site-packages/rest_framework/views.py", line 486, in raise_uncaught_exception
    raise exc
  File "/Users/mac/Documents/kinderGarten-BE/venv/lib/python3.13/site-packages/rest_framework/views.py", line 512, in dispatch
    response = handler(request, *args, **kwargs)
  File "/Users/mac/Documents/kinderGarten-BE/venv/lib/python3.13/site-packages/rest_framework/generics.py", line 246, in post
    return self.create(request, *args, **kwargs)
           ~~~~~~~~~~~^^^^^^^^^^^^^^^^^^^^^^^^^^
  File "/Users/mac/Documents/kinderGarten-BE/venv/lib/python3.13/site-packages/rest_framework/mixins.py", line 19, in create
    self.perform_create(serializer)
    ~~~~~~~~~~~~~~~~~~~^^^^^^^^^^^^
  File "/Users/mac/Documents/kinderGarten-BE/kinderGartenAPI/children/views.py", line 38, in perform_create
    serializer.save(tenant=self.request.user.tenant)
    ~~~~~~~~~~~~~~~^^^^^^^^^^^^^^^^^^^^^^^^^^^^^^^^^
  File "/Users/mac/Documents/kinderGarten-BE/venv/lib/python3.13/site-packages/rest_framework/serializers.py", line 210, in save
    self.instance = self.create(validated_data)
                    ~~~~~~~~~~~^^^^^^^^^^^^^^^^
  File "/Users/mac/Documents/kinderGarten-BE/venv/lib/python3.13/site-packages/rest_framework/serializers.py", line 991, in create
    instance = ModelClass._default_manager.create(**validated_data)
  File "/Users/mac/Documents/kinderGarten-BE/venv/lib/python3.13/site-packages/django/db/models/manager.py", line 87, in manager_method
    return getattr(self.get_queryset(), name)(*args, **kwargs)
           ~~~~~~~~~~~~~~~~~~~~~~~~~~~~~~~~~~^^^^^^^^^^^^^^^^^
  File "/Users/mac/Documents/kinderGarten-BE/venv/lib/python3.13/site-packages/django/db/models/query.py", line 663, in create
    obj.save(force_insert=True, using=self.db)
    ~~~~~~~~^^^^^^^^^^^^^^^^^^^^^^^^^^^^^^^^^^
  File "/Users/mac/Documents/kinderGarten-BE/venv/lib/python3.13/site-packages/django/db/models/base.py", line 902, in save
    self.save_base(
    ~~~~~~~~~~~~~~^
        using=using,
        ^^^^^^^^^^^^
    ...<2 lines>...
        update_fields=update_fields,
        ^^^^^^^^^^^^^^^^^^^^^^^^^^^^
    )
    ^
  File "/Users/mac/Documents/kinderGarten-BE/venv/lib/python3.13/site-packages/django/db/models/base.py", line 1008, in save_base
    updated = self._save_table(
        raw,
    ...<4 lines>...
        update_fields,
    )
  File "/Users/mac/Documents/kinderGarten-BE/venv/lib/python3.13/site-packages/django/db/models/base.py", line 1169, in _save_table
    results = self._do_insert(
        cls._base_manager, using, fields, returning_fields, raw
    )
  File "/Users/mac/Documents/kinderGarten-BE/venv/lib/python3.13/site-packages/django/db/models/base.py", line 1210, in _do_insert
    return manager._insert(
           ~~~~~~~~~~~~~~~^
        [self],
        ^^^^^^^
    ...<3 lines>...
        raw=raw,
        ^^^^^^^^
    )
    ^
  File "/Users/mac/Documents/kinderGarten-BE/venv/lib/python3.13/site-packages/django/db/models/manager.py", line 87, in manager_method
    return getattr(self.get_queryset(), name)(*args, **kwargs)
           ~~~~~~~~~~~~~~~~~~~~~~~~~~~~~~~~~~^^^^^^^^^^^^^^^^^
  File "/Users/mac/Documents/kinderGarten-BE/venv/lib/python3.13/site-packages/django/db/models/query.py", line 1868, in _insert
    return query.get_compiler(using=using).execute_sql(returning_fields)
           ~~~~~~~~~~~~~~~~~~~~~~~~~~~~~~~~~~~~~~~~~~~^^^^^^^^^^^^^^^^^^
  File "/Users/mac/Documents/kinderGarten-BE/venv/lib/python3.13/site-packages/django/db/models/sql/compiler.py", line 1882, in execute_sql
    cursor.execute(sql, params)
    ~~~~~~~~~~~~~~^^^^^^^^^^^^^
  File "/Users/mac/Documents/kinderGarten-BE/venv/lib/python3.13/site-packages/django/db/backends/utils.py", line 122, in execute
    return super().execute(sql, params)
           ~~~~~~~~~~~~~~~^^^^^^^^^^^^^
  File "/Users/mac/Documents/kinderGarten-BE/venv/lib/python3.13/site-packages/django/db/backends/utils.py", line 79, in execute
    return self._execute_with_wrappers(
           ~~~~~~~~~~~~~~~~~~~~~~~~~~~^
        sql, params, many=False, executor=self._execute
        ^^^^^^^^^^^^^^^^^^^^^^^^^^^^^^^^^^^^^^^^^^^^^^^
    )
    ^
  File "/Users/mac/Documents/kinderGarten-BE/venv/lib/python3.13/site-packages/django/db/backends/utils.py", line 92, in _execute_with_wrappers
    return executor(sql, params, many, context)
  File "/Users/mac/Documents/kinderGarten-BE/venv/lib/python3.13/site-packages/django/db/backends/utils.py", line 100, in _execute
    with self.db.wrap_database_errors:
         ^^^^^^^^^^^^^^^^^^^^^^^^^^^^
  File "/Users/mac/Documents/kinderGarten-BE/venv/lib/python3.13/site-packages/django/db/utils.py", line 91, in __exit__
    raise dj_exc_value.with_traceback(traceback) from exc_value
  File "/Users/mac/Documents/kinderGarten-BE/venv/lib/python3.13/site-packages/django/db/backends/utils.py", line 105, in _execute
    return self.cursor.execute(sql, params)
           ~~~~~~~~~~~~~~~~~~~^^^^^^^^^^^^^
django.db.utils.ProgrammingError: column "created_at" of relation "children_classroom" does not exist
LINE 1: INSERT INTO "children_classroom" ("tenant_id", "created_at",...
                                                       ^

[ERROR] 2025-12-01 11:36:02 basehttp "POST /api/children/classes/ HTTP/1.1" 500 212696
